<?xml version="1.0" encoding="UTF-8"?>
<!-- Generated by org.testng.reporters.JUnitXMLReporter -->
<testsuite hostname="Olasunkanmis-MacBook-Pro.local" ignored="0" name="Default test" tests="4" failures="0" timestamp="22 Jun 2018 02:01:32 GMT" time="8.935" errors="0">
  <testcase name="loginPageTitleTest" time="0.028" classname="com.mosaic.qa.testcases.LoginPageTest"/>
  <testcase name="pageHeaderTest" time="0.039" classname="com.mosaic.qa.testcases.LoginPageTest"/>
  <testcase name="searchOperationTest" time="0.306" classname="com.mosaic.qa.testcases.LoginPageTest"/>
  <testcase name="loginFunctionTest" time="0.275" classname="com.mosaic.qa.testcases.LoginPageTest"/>
</testsuite> <!-- Default test -->
