<?xml version="1.0" encoding="UTF-8"?>
<testng-results skipped="0" failed="0" ignored="0" total="2" passed="2">
  <reporter-output>
  </reporter-output>
  <suite name="Suite" duration-ms="5789" started-at="2018-06-22T02:54:08Z" finished-at="2018-06-22T02:54:14Z">
    <groups>
    </groups>
    <test name="Test" duration-ms="5789" started-at="2018-06-22T02:54:08Z" finished-at="2018-06-22T02:54:14Z">
      <class name="com.mosaic.qa.testcases.LoginPageTest">
        <test-method status="PASS" signature="setUp()[pri:0, instance:com.mosaic.qa.testcases.LoginPageTest@548e7350]" name="setUp" is-config="true" duration-ms="3335" started-at="2018-06-22T02:54:08Z" finished-at="2018-06-22T02:54:12Z">
          <reporter-output>
          </reporter-output>
        </test-method> <!-- setUp -->
        <test-method status="PASS" signature="loginPageTitleTest()[pri:1, instance:com.mosaic.qa.testcases.LoginPageTest@548e7350]" name="loginPageTitleTest" duration-ms="20" started-at="2018-06-22T02:54:12Z" finished-at="2018-06-22T02:54:12Z">
          <reporter-output>
          </reporter-output>
        </test-method> <!-- loginPageTitleTest -->
        <test-method status="PASS" signature="tearDown()[pri:0, instance:com.mosaic.qa.testcases.LoginPageTest@548e7350]" name="tearDown" is-config="true" duration-ms="84" started-at="2018-06-22T02:54:12Z" finished-at="2018-06-22T02:54:12Z">
          <reporter-output>
          </reporter-output>
        </test-method> <!-- tearDown -->
      </class> <!-- com.mosaic.qa.testcases.LoginPageTest -->
      <class name="com.mosaic.qa.testcases.HomePageTest">
        <test-method status="PASS" signature="setUp()[pri:0, instance:com.mosaic.qa.testcases.HomePageTest@1a968a59]" name="setUp" is-config="true" duration-ms="2167" started-at="2018-06-22T02:54:12Z" finished-at="2018-06-22T02:54:14Z">
          <reporter-output>
          </reporter-output>
        </test-method> <!-- setUp -->
        <test-method status="PASS" signature="dashboardVisibilityTest()[pri:1, instance:com.mosaic.qa.testcases.HomePageTest@1a968a59]" name="dashboardVisibilityTest" duration-ms="52" started-at="2018-06-22T02:54:14Z" finished-at="2018-06-22T02:54:14Z">
          <reporter-output>
          </reporter-output>
        </test-method> <!-- dashboardVisibilityTest -->
        <test-method status="PASS" signature="tearDown()[pri:0, instance:com.mosaic.qa.testcases.HomePageTest@1a968a59]" name="tearDown" is-config="true" duration-ms="77" started-at="2018-06-22T02:54:14Z" finished-at="2018-06-22T02:54:14Z">
          <reporter-output>
          </reporter-output>
        </test-method> <!-- tearDown -->
      </class> <!-- com.mosaic.qa.testcases.HomePageTest -->
    </test> <!-- Test -->
  </suite> <!-- Suite -->
</testng-results>
